Determining if the pthread_create exist failed with the following output:
Change Dir: /home/mainuser/Documents/panda_brubotics_2021/franka_constrained_control/catkin_ws/build/CMakeFiles/CMakeTmp

Run Build Command:"/usr/bin/make" "cmTC_70d2b/fast"
/usr/bin/make -f CMakeFiles/cmTC_70d2b.dir/build.make CMakeFiles/cmTC_70d2b.dir/build
make[1]: Entering directory '/home/mainuser/Documents/panda_brubotics_2021/franka_constrained_control/catkin_ws/build/CMakeFiles/CMakeTmp'
Building C object CMakeFiles/cmTC_70d2b.dir/CheckSymbolExists.c.o
/usr/bin/cc    -o CMakeFiles/cmTC_70d2b.dir/CheckSymbolExists.c.o   -c /home/mainuser/Documents/panda_brubotics_2021/franka_constrained_control/catkin_ws/build/CMakeFiles/CMakeTmp/CheckSymbolExists.c
Linking C executable cmTC_70d2b
/usr/bin/cmake -E cmake_link_script CMakeFiles/cmTC_70d2b.dir/link.txt --verbose=1
/usr/bin/cc      -rdynamic CMakeFiles/cmTC_70d2b.dir/CheckSymbolExists.c.o  -o cmTC_70d2b 
CMakeFiles/cmTC_70d2b.dir/CheckSymbolExists.c.o: In function `main':
CheckSymbolExists.c:(.text+0x1b): undefined reference to `pthread_create'
collect2: error: ld returned 1 exit status
CMakeFiles/cmTC_70d2b.dir/build.make:97: recipe for target 'cmTC_70d2b' failed
make[1]: *** [cmTC_70d2b] Error 1
make[1]: Leaving directory '/home/mainuser/Documents/panda_brubotics_2021/franka_constrained_control/catkin_ws/build/CMakeFiles/CMakeTmp'
Makefile:126: recipe for target 'cmTC_70d2b/fast' failed
make: *** [cmTC_70d2b/fast] Error 2

File /home/mainuser/Documents/panda_brubotics_2021/franka_constrained_control/catkin_ws/build/CMakeFiles/CMakeTmp/CheckSymbolExists.c:
/* */
#include <pthread.h>

int main(int argc, char** argv)
{
  (void)argv;
#ifndef pthread_create
  return ((int*)(&pthread_create))[argc];
#else
  (void)argc;
  return 0;
#endif
}

Determining if the function pthread_create exists in the pthreads failed with the following output:
Change Dir: /home/mainuser/Documents/panda_brubotics_2021/franka_constrained_control/catkin_ws/build/CMakeFiles/CMakeTmp

Run Build Command:"/usr/bin/make" "cmTC_94b1a/fast"
/usr/bin/make -f CMakeFiles/cmTC_94b1a.dir/build.make CMakeFiles/cmTC_94b1a.dir/build
make[1]: Entering directory '/home/mainuser/Documents/panda_brubotics_2021/franka_constrained_control/catkin_ws/build/CMakeFiles/CMakeTmp'
Building C object CMakeFiles/cmTC_94b1a.dir/CheckFunctionExists.c.o
/usr/bin/cc   -DCHECK_FUNCTION_EXISTS=pthread_create   -o CMakeFiles/cmTC_94b1a.dir/CheckFunctionExists.c.o   -c /usr/share/cmake-3.10/Modules/CheckFunctionExists.c
Linking C executable cmTC_94b1a
/usr/bin/cmake -E cmake_link_script CMakeFiles/cmTC_94b1a.dir/link.txt --verbose=1
/usr/bin/cc  -DCHECK_FUNCTION_EXISTS=pthread_create    -rdynamic CMakeFiles/cmTC_94b1a.dir/CheckFunctionExists.c.o  -o cmTC_94b1a -lpthreads 
/usr/bin/ld: cannot find -lpthreads
collect2: error: ld returned 1 exit status
CMakeFiles/cmTC_94b1a.dir/build.make:97: recipe for target 'cmTC_94b1a' failed
make[1]: *** [cmTC_94b1a] Error 1
make[1]: Leaving directory '/home/mainuser/Documents/panda_brubotics_2021/franka_constrained_control/catkin_ws/build/CMakeFiles/CMakeTmp'
Makefile:126: recipe for target 'cmTC_94b1a/fast' failed
make: *** [cmTC_94b1a/fast] Error 2


